[INFO] HHH000412: Hibernate ORM core version 6.6.13.Final
[INFO] HHH000026: Second-level cache disabled
[WARN] HHH10001002: Using built-in connection pool (not intended for production use)
[INFO] HHH10001005: Database info:
	Database JDBC URL [jdbc:mysql://localhost:3306/milou_db]
	Database driver: com.mysql.cj.jdbc.Driver
	Database version: 8.0.42
	Autocommit mode: false
	Isolation level: undefined/unknown
	Minimum pool size: 1
	Maximum pool size: 20
[INFO] HHH000489: No JTA platform available (set 'hibernate.transaction.jta.platform' to enable JTA platform integration)
[INFO] HHH000412: Hibernate ORM core version 6.6.13.Final
[INFO] HHH000026: Second-level cache disabled
[WARN] HHH10001002: Using built-in connection pool (not intended for production use)
[INFO] HHH10001005: Database info:
	Database JDBC URL [jdbc:mysql://localhost:3306/milou_db]
	Database driver: com.mysql.cj.jdbc.Driver
	Database version: 8.0.42
	Autocommit mode: false
	Isolation level: undefined/unknown
	Minimum pool size: 1
	Maximum pool size: 20
[INFO] HHH000489: No JTA platform available (set 'hibernate.transaction.jta.platform' to enable JTA platform integration)
[INFO] HHH000412: Hibernate ORM core version 6.6.13.Final
[INFO] HHH000026: Second-level cache disabled
[WARN] HHH10001002: Using built-in connection pool (not intended for production use)
[INFO] HHH10001005: Database info:
	Database JDBC URL [jdbc:mysql://localhost:3306/milou_db]
	Database driver: com.mysql.cj.jdbc.Driver
	Database version: 8.0.42
	Autocommit mode: false
	Isolation level: undefined/unknown
	Minimum pool size: 1
	Maximum pool size: 20
[INFO] HHH000489: No JTA platform available (set 'hibernate.transaction.jta.platform' to enable JTA platform integration)
[INFO] HHH000412: Hibernate ORM core version 6.6.13.Final
[INFO] HHH000026: Second-level cache disabled
[WARN] HHH10001002: Using built-in connection pool (not intended for production use)
[INFO] HHH10001005: Database info:
	Database JDBC URL [jdbc:mysql://localhost:3306/milou_db]
	Database driver: com.mysql.cj.jdbc.Driver
	Database version: 8.0.42
	Autocommit mode: false
	Isolation level: undefined/unknown
	Minimum pool size: 1
	Maximum pool size: 20
[INFO] HHH000489: No JTA platform available (set 'hibernate.transaction.jta.platform' to enable JTA platform integration)
[WARN] SQL Error: 1146, SQLState: 42S02
[ERROR] Table 'milou_db.users' doesn't exist
[INFO] HHH000412: Hibernate ORM core version 6.6.13.Final
[INFO] HHH000026: Second-level cache disabled
[WARN] HHH10001002: Using built-in connection pool (not intended for production use)
[INFO] HHH10001005: Database info:
	Database JDBC URL [jdbc:mysql://localhost:3306/milou_db]
	Database driver: com.mysql.cj.jdbc.Driver
	Database version: 8.0.42
	Autocommit mode: false
	Isolation level: undefined/unknown
	Minimum pool size: 1
	Maximum pool size: 20
[INFO] HHH000489: No JTA platform available (set 'hibernate.transaction.jta.platform' to enable JTA platform integration)
[INFO] HHH000412: Hibernate ORM core version 6.6.13.Final
[INFO] HHH000026: Second-level cache disabled
[WARN] HHH10001002: Using built-in connection pool (not intended for production use)
[INFO] HHH10001005: Database info:
	Database JDBC URL [jdbc:mysql://localhost:3306/milou_db]
	Database driver: com.mysql.cj.jdbc.Driver
	Database version: 8.0.42
	Autocommit mode: false
	Isolation level: undefined/unknown
	Minimum pool size: 1
	Maximum pool size: 20
[INFO] HHH000489: No JTA platform available (set 'hibernate.transaction.jta.platform' to enable JTA platform integration)
[WARN] SQL Error: 1062, SQLState: 23000
[ERROR] Duplicate entry 'p85@milou.com' for key 'users.email'
[INFO] HHH000412: Hibernate ORM core version 6.6.13.Final
[INFO] HHH000026: Second-level cache disabled
[WARN] HHH10001002: Using built-in connection pool (not intended for production use)
[INFO] HHH10001005: Database info:
	Database JDBC URL [jdbc:mysql://localhost:3306/milou_db]
	Database driver: com.mysql.cj.jdbc.Driver
	Database version: 8.0.42
	Autocommit mode: false
	Isolation level: undefined/unknown
	Minimum pool size: 1
	Maximum pool size: 20
[INFO] HHH000489: No JTA platform available (set 'hibernate.transaction.jta.platform' to enable JTA platform integration)
[INFO] HHH000412: Hibernate ORM core version 6.6.13.Final
[INFO] HHH000026: Second-level cache disabled
[WARN] HHH10001002: Using built-in connection pool (not intended for production use)
[INFO] HHH10001005: Database info:
	Database JDBC URL [jdbc:mysql://localhost:3306/milou_db]
	Database driver: com.mysql.cj.jdbc.Driver
	Database version: 8.0.42
	Autocommit mode: false
	Isolation level: undefined/unknown
	Minimum pool size: 1
	Maximum pool size: 20
[INFO] HHH000489: No JTA platform available (set 'hibernate.transaction.jta.platform' to enable JTA platform integration)
